Feb 01, 2026 5:09:01 PM edu.curtin.mars.controller.MarsSciSat <init>
INFO: MarsSciSat constructed
Feb 01, 2026 5:09:01 PM edu.curtin.mars.Main main
FINE: Messaged generated by CommsGenerator
Feb 01, 2026 5:09:01 PM edu.curtin.mars.controller.MarsSciSat parseMsg
INFO: Message recieved from earth: rover-0 at -8.146643 91.409578
Feb 01, 2026 5:09:01 PM edu.curtin.mars.model.factory.ProbeFactory createProbe
FINE: New rover created in factory: ROVER-0
Feb 01, 2026 5:09:01 PM edu.curtin.mars.controller.MarsSciSat parseAtCommand
FINE: Probe: ROVER-0 stored in satellite list. Probe Type: ROVER. Created at coords: -8.146643, 91.409578
Feb 01, 2026 5:09:01 PM edu.curtin.mars.Main main
FINE: Messaged generated by CommsGenerator
Feb 01, 2026 5:09:01 PM edu.curtin.mars.controller.MarsSciSat parseMsg
INFO: Message recieved from earth: rover-1 at -29.153910 105.468228
Feb 01, 2026 5:09:01 PM edu.curtin.mars.model.factory.ProbeFactory createProbe
FINE: New rover created in factory: ROVER-1
Feb 01, 2026 5:09:01 PM edu.curtin.mars.controller.MarsSciSat parseAtCommand
FINE: Probe: ROVER-1 stored in satellite list. Probe Type: ROVER. Created at coords: -29.15391, 105.468228
Feb 01, 2026 5:09:01 PM edu.curtin.mars.Main main
FINE: Messaged generated by CommsGenerator
Feb 01, 2026 5:09:01 PM edu.curtin.mars.controller.MarsSciSat parseMsg
INFO: Message recieved from earth: rover-2 at 12.612048 106.937830
Feb 01, 2026 5:09:01 PM edu.curtin.mars.model.factory.ProbeFactory createProbe
FINE: New rover created in factory: ROVER-2
Feb 01, 2026 5:09:01 PM edu.curtin.mars.controller.MarsSciSat parseAtCommand
FINE: Probe: ROVER-2 stored in satellite list. Probe Type: ROVER. Created at coords: 12.612048, 106.93783
Feb 01, 2026 5:09:01 PM edu.curtin.mars.Main main
FINE: Messaged generated by CommsGenerator
Feb 01, 2026 5:09:01 PM edu.curtin.mars.controller.MarsSciSat parseMsg
INFO: Message recieved from earth: rover-3 at 27.946432 106.732691
Feb 01, 2026 5:09:01 PM edu.curtin.mars.model.factory.ProbeFactory createProbe
FINE: New rover created in factory: ROVER-3
Feb 01, 2026 5:09:01 PM edu.curtin.mars.controller.MarsSciSat parseAtCommand
FINE: Probe: ROVER-3 stored in satellite list. Probe Type: ROVER. Created at coords: 27.946432, 106.732691
Feb 01, 2026 5:09:01 PM edu.curtin.mars.Main main
FINE: Messaged generated by CommsGenerator
Feb 01, 2026 5:09:01 PM edu.curtin.mars.controller.MarsSciSat parseMsg
INFO: Message recieved from earth: rover-4 at -18.171848 93.063809
Feb 01, 2026 5:09:01 PM edu.curtin.mars.model.factory.ProbeFactory createProbe
FINE: New rover created in factory: ROVER-4
Feb 01, 2026 5:09:01 PM edu.curtin.mars.controller.MarsSciSat parseAtCommand
FINE: Probe: ROVER-4 stored in satellite list. Probe Type: ROVER. Created at coords: -18.171848, 93.063809
Feb 01, 2026 5:09:01 PM edu.curtin.mars.Main main
FINE: Messaged generated by CommsGenerator
Feb 01, 2026 5:09:01 PM edu.curtin.mars.controller.MarsSciSat parseMsg
INFO: Message recieved from earth: drone-0 at 12.105590 109.917676
Feb 01, 2026 5:09:01 PM edu.curtin.mars.model.factory.ProbeFactory createProbe
FINE: New drone created in factory: DRONE-0
Feb 01, 2026 5:09:01 PM edu.curtin.mars.controller.MarsSciSat parseAtCommand
FINE: Probe: DRONE-0 stored in satellite list. Probe Type: DRONE. Created at coords: 12.10559, 109.917676
Feb 01, 2026 5:09:01 PM edu.curtin.mars.Main main
FINE: Messaged generated by CommsGenerator
Feb 01, 2026 5:09:01 PM edu.curtin.mars.controller.MarsSciSat parseMsg
INFO: Message recieved from earth: drone-1 at -20.024764 109.863344
Feb 01, 2026 5:09:01 PM edu.curtin.mars.model.factory.ProbeFactory createProbe
FINE: New drone created in factory: DRONE-1
Feb 01, 2026 5:09:01 PM edu.curtin.mars.controller.MarsSciSat parseAtCommand
FINE: Probe: DRONE-1 stored in satellite list. Probe Type: DRONE. Created at coords: -20.024764, 109.863344
Feb 01, 2026 5:09:01 PM edu.curtin.mars.Main main
FINE: Messaged generated by CommsGenerator
Feb 01, 2026 5:09:01 PM edu.curtin.mars.controller.MarsSciSat parseMsg
INFO: Message recieved from earth: drone-2 at -24.207998 91.631481
Feb 01, 2026 5:09:01 PM edu.curtin.mars.model.factory.ProbeFactory createProbe
FINE: New drone created in factory: DRONE-2
Feb 01, 2026 5:09:01 PM edu.curtin.mars.controller.MarsSciSat parseAtCommand
FINE: Probe: DRONE-2 stored in satellite list. Probe Type: DRONE. Created at coords: -24.207998, 91.631481
Feb 01, 2026 5:09:01 PM edu.curtin.mars.Main main
FINE: Messaged generated by CommsGenerator
Feb 01, 2026 5:09:01 PM edu.curtin.mars.Main main
INFO: Daily actions sent to satellite. Running simulation for sol
Feb 01, 2026 5:09:01 PM edu.curtin.mars.controller.MarsSciSat run
INFO: Sol number 1 simulated succesfully
Feb 01, 2026 5:09:01 PM edu.curtin.mars.controller.MarsSciSat notifyObservers
FINE: Observer: HistoryLogger notified of sol: 1 activities
Feb 01, 2026 5:09:01 PM edu.curtin.mars.observer.StatusLogger update
FINE: Observer printed the status of all probes to file
Feb 01, 2026 5:09:01 PM edu.curtin.mars.controller.MarsSciSat notifyObservers
FINE: Observer: StatusLogger notified of sol: 1 activities
Feb 01, 2026 5:09:02 PM edu.curtin.mars.Main main
FINE: Messaged generated by CommsGenerator
Feb 01, 2026 5:09:02 PM edu.curtin.mars.controller.MarsSciSat parseMsg
INFO: Message recieved from earth: rover-0 move -8.198439 91.273457
Feb 01, 2026 5:09:02 PM edu.curtin.mars.model.Probe makeMove
FINE: Probe: ROVER-0 recieved move command
Feb 01, 2026 5:09:02 PM edu.curtin.mars.controller.MarsSciSat parseMoveCommand
INFO: Move command sent to ROVER-0. Towards: -8.198439, 91.273457
Feb 01, 2026 5:09:02 PM edu.curtin.mars.Main main
FINE: Messaged generated by CommsGenerator
Feb 01, 2026 5:09:02 PM edu.curtin.mars.controller.MarsSciSat parseMsg
INFO: Message recieved from earth: rover-3 status
Feb 01, 2026 5:09:02 PM edu.curtin.mars.observer.StatusLogger printProbeStatus
FINE: Observer printed the status of probe: ROVER-3
Feb 01, 2026 5:09:02 PM edu.curtin.mars.controller.MarsSciSat parseMsg
INFO: Status command sent to ROVER-3
Feb 01, 2026 5:09:02 PM edu.curtin.mars.Main main
FINE: Messaged generated by CommsGenerator
Feb 01, 2026 5:09:02 PM edu.curtin.mars.Main main
INFO: Daily actions sent to satellite. Running simulation for sol
Feb 01, 2026 5:09:02 PM edu.curtin.mars.model.Probe moveTowardsDest
FINE: Probe: ROVER-0 moved towards destination
Feb 01, 2026 5:09:02 PM edu.curtin.mars.controller.MarsSciSat run
INFO: Sol number 2 simulated succesfully
Feb 01, 2026 5:09:02 PM edu.curtin.mars.observer.HistoryLogger update
FINE: Created new history list for probe: ROVER-0
Feb 01, 2026 5:09:02 PM edu.curtin.mars.observer.HistoryLogger update
FINE: Created new movement record for: ROVER-0
Feb 01, 2026 5:09:02 PM edu.curtin.mars.controller.MarsSciSat notifyObservers
FINE: Observer: HistoryLogger notified of sol: 2 activities
Feb 01, 2026 5:09:02 PM edu.curtin.mars.observer.StatusLogger update
FINE: Observer printed the status of all probes to file
Feb 01, 2026 5:09:02 PM edu.curtin.mars.controller.MarsSciSat notifyObservers
FINE: Observer: StatusLogger notified of sol: 2 activities
Feb 01, 2026 5:09:03 PM edu.curtin.mars.Main main
FINE: Messaged generated by CommsGenerator
Feb 01, 2026 5:09:03 PM edu.curtin.mars.controller.MarsSciSat parseMsg
INFO: Message recieved from earth: rover-0 history
Feb 01, 2026 5:09:03 PM edu.curtin.mars.observer.HistoryLogger printProbeHistory
FINE: Observer printed history for probe: ROVER-0
Feb 01, 2026 5:09:03 PM edu.curtin.mars.controller.MarsSciSat parseMsg
INFO: History command sent to ROVER-0
Feb 01, 2026 5:09:03 PM edu.curtin.mars.Main main
FINE: Messaged generated by CommsGenerator
Feb 01, 2026 5:09:03 PM edu.curtin.mars.Main main
INFO: Daily actions sent to satellite. Running simulation for sol
Feb 01, 2026 5:09:03 PM edu.curtin.mars.model.Probe moveTowardsDest
FINE: Probe: ROVER-0 moved towards destination
Feb 01, 2026 5:09:03 PM edu.curtin.mars.controller.MarsSciSat run
INFO: Sol number 3 simulated succesfully
Feb 01, 2026 5:09:03 PM edu.curtin.mars.observer.HistoryLogger update
FINE: Created new movement record for: ROVER-0
Feb 01, 2026 5:09:03 PM edu.curtin.mars.controller.MarsSciSat notifyObservers
FINE: Observer: HistoryLogger notified of sol: 3 activities
Feb 01, 2026 5:09:03 PM edu.curtin.mars.observer.StatusLogger update
FINE: Observer printed the status of all probes to file
Feb 01, 2026 5:09:03 PM edu.curtin.mars.controller.MarsSciSat notifyObservers
FINE: Observer: StatusLogger notified of sol: 3 activities
Feb 01, 2026 5:09:04 PM edu.curtin.mars.Main main
FINE: Messaged generated by CommsGenerator
Feb 01, 2026 5:09:04 PM edu.curtin.mars.Main main
INFO: Daily actions sent to satellite. Running simulation for sol
Feb 01, 2026 5:09:04 PM edu.curtin.mars.model.Probe moveTowardsDest
FINE: Probe: ROVER-0 moved towards destination
Feb 01, 2026 5:09:04 PM edu.curtin.mars.controller.MarsSciSat run
INFO: Sol number 4 simulated succesfully
Feb 01, 2026 5:09:04 PM edu.curtin.mars.observer.HistoryLogger update
FINE: Created new movement record for: ROVER-0
Feb 01, 2026 5:09:04 PM edu.curtin.mars.controller.MarsSciSat notifyObservers
FINE: Observer: HistoryLogger notified of sol: 4 activities
Feb 01, 2026 5:09:04 PM edu.curtin.mars.observer.StatusLogger update
FINE: Observer printed the status of all probes to file
Feb 01, 2026 5:09:04 PM edu.curtin.mars.controller.MarsSciSat notifyObservers
FINE: Observer: StatusLogger notified of sol: 4 activities
Feb 01, 2026 5:09:05 PM edu.curtin.mars.Main main
FINE: Messaged generated by CommsGenerator
Feb 01, 2026 5:09:05 PM edu.curtin.mars.controller.MarsSciSat parseMsg
INFO: Message recieved from earth: rover-1 history
Feb 01, 2026 5:09:05 PM edu.curtin.mars.observer.HistoryLogger printProbeHistory
INFO: No history avaiable to request for probe: ROVER-1
Feb 01, 2026 5:09:05 PM edu.curtin.mars.controller.MarsSciSat parseMsg
INFO: History command sent to ROVER-1
Feb 01, 2026 5:09:05 PM edu.curtin.mars.Main main
FINE: Messaged generated by CommsGenerator
Feb 01, 2026 5:09:05 PM edu.curtin.mars.Main main
INFO: Daily actions sent to satellite. Running simulation for sol
Feb 01, 2026 5:09:05 PM edu.curtin.mars.model.Probe moveTowardsDest
FINE: Probe: ROVER-0 moved towards destination
Feb 01, 2026 5:09:05 PM edu.curtin.mars.controller.MarsSciSat run
INFO: Sol number 5 simulated succesfully
Feb 01, 2026 5:09:05 PM edu.curtin.mars.observer.HistoryLogger update
FINE: Created new movement record for: ROVER-0
Feb 01, 2026 5:09:05 PM edu.curtin.mars.controller.MarsSciSat notifyObservers
FINE: Observer: HistoryLogger notified of sol: 5 activities
Feb 01, 2026 5:09:05 PM edu.curtin.mars.observer.StatusLogger update
FINE: Observer printed the status of all probes to file
Feb 01, 2026 5:09:05 PM edu.curtin.mars.controller.MarsSciSat notifyObservers
FINE: Observer: StatusLogger notified of sol: 5 activities
Feb 01, 2026 5:09:06 PM edu.curtin.mars.Main main
FINE: Messaged generated by CommsGenerator
Feb 01, 2026 5:09:06 PM edu.curtin.mars.Main main
INFO: Daily actions sent to satellite. Running simulation for sol
Feb 01, 2026 5:09:06 PM edu.curtin.mars.model.Probe moveTowardsDest
FINE: Probe: ROVER-0 moved towards destination
Feb 01, 2026 5:09:06 PM edu.curtin.mars.controller.MarsSciSat run
INFO: Sol number 6 simulated succesfully
Feb 01, 2026 5:09:06 PM edu.curtin.mars.observer.HistoryLogger update
FINE: Created new movement record for: ROVER-0
Feb 01, 2026 5:09:06 PM edu.curtin.mars.controller.MarsSciSat notifyObservers
FINE: Observer: HistoryLogger notified of sol: 6 activities
Feb 01, 2026 5:09:06 PM edu.curtin.mars.observer.StatusLogger update
FINE: Observer printed the status of all probes to file
Feb 01, 2026 5:09:06 PM edu.curtin.mars.controller.MarsSciSat notifyObservers
FINE: Observer: StatusLogger notified of sol: 6 activities
Feb 01, 2026 5:09:07 PM edu.curtin.mars.Main main
FINE: Messaged generated by CommsGenerator
Feb 01, 2026 5:09:07 PM edu.curtin.mars.controller.MarsSciSat parseMsg
INFO: Message recieved from earth: rover-1 measure magnetic-flux 12
Feb 01, 2026 5:09:07 PM edu.curtin.mars.model.Probe addMeasurementTask
FINE: Probe: ROVER-1 added new task: magnetic-flux
Feb 01, 2026 5:09:07 PM edu.curtin.mars.model.Probe makeMeasure
FINE: Probe: ROVER-1 recieved measure command
Feb 01, 2026 5:09:07 PM edu.curtin.mars.controller.MarsSciSat parseMeasureCommand
INFO: Measure command sent to ROVER-1. Measurement: magnetic-flux. Duration: 12
Feb 01, 2026 5:09:07 PM edu.curtin.mars.Main main
FINE: Messaged generated by CommsGenerator
Feb 01, 2026 5:09:07 PM edu.curtin.mars.Main main
INFO: Daily actions sent to satellite. Running simulation for sol
Feb 01, 2026 5:09:07 PM edu.curtin.mars.model.Probe moveTowardsDest
FINE: Probe: ROVER-0 moved towards destination
Feb 01, 2026 5:09:07 PM edu.curtin.mars.model.Probe takeMeasurements
FINE: Probe: ROVER-1 took a measurement of magnetic-flux
Feb 01, 2026 5:09:07 PM edu.curtin.mars.model.Probe decrementMeasurements
FINE: Probe: ROVER-1 decremented its measurement tasks
Feb 01, 2026 5:09:07 PM edu.curtin.mars.controller.MarsSciSat run
INFO: Sol number 7 simulated succesfully
Feb 01, 2026 5:09:07 PM edu.curtin.mars.observer.HistoryLogger update
FINE: Created new movement record for: ROVER-0
Feb 01, 2026 5:09:07 PM edu.curtin.mars.observer.HistoryLogger update
FINE: Created new history list for probe: ROVER-1
Feb 01, 2026 5:09:07 PM edu.curtin.mars.observer.HistoryLogger update
FINE: Created new measurement record for: ROVER-1
Feb 01, 2026 5:09:07 PM edu.curtin.mars.controller.MarsSciSat notifyObservers
FINE: Observer: HistoryLogger notified of sol: 7 activities
Feb 01, 2026 5:09:07 PM edu.curtin.mars.observer.StatusLogger update
FINE: Observer printed the status of all probes to file
Feb 01, 2026 5:09:07 PM edu.curtin.mars.controller.MarsSciSat notifyObservers
FINE: Observer: StatusLogger notified of sol: 7 activities
Feb 01, 2026 5:09:08 PM edu.curtin.mars.Main main
FINE: Messaged generated by CommsGenerator
Feb 01, 2026 5:09:08 PM edu.curtin.mars.controller.MarsSciSat parseMsg
INFO: Message recieved from earth: rover-4 status
Feb 01, 2026 5:09:08 PM edu.curtin.mars.observer.StatusLogger printProbeStatus
FINE: Observer printed the status of probe: ROVER-4
Feb 01, 2026 5:09:08 PM edu.curtin.mars.controller.MarsSciSat parseMsg
INFO: Status command sent to ROVER-4
Feb 01, 2026 5:09:08 PM edu.curtin.mars.Main main
FINE: Messaged generated by CommsGenerator
Feb 01, 2026 5:09:08 PM edu.curtin.mars.controller.MarsSciSat parseMsg
INFO: Message recieved from earth: rover-3 status
Feb 01, 2026 5:09:08 PM edu.curtin.mars.observer.StatusLogger printProbeStatus
FINE: Observer printed the status of probe: ROVER-3
Feb 01, 2026 5:09:08 PM edu.curtin.mars.controller.MarsSciSat parseMsg
INFO: Status command sent to ROVER-3
Feb 01, 2026 5:09:08 PM edu.curtin.mars.Main main
FINE: Messaged generated by CommsGenerator
Feb 01, 2026 5:09:08 PM edu.curtin.mars.controller.MarsSciSat parseMsg
INFO: Message recieved from earth: rover-4 measure visibility 7
Feb 01, 2026 5:09:08 PM edu.curtin.mars.model.Probe addMeasurementTask
FINE: Probe: ROVER-4 added new task: visibility
Feb 01, 2026 5:09:08 PM edu.curtin.mars.model.Probe makeMeasure
FINE: Probe: ROVER-4 recieved measure command
Feb 01, 2026 5:09:08 PM edu.curtin.mars.controller.MarsSciSat parseMeasureCommand
INFO: Measure command sent to ROVER-4. Measurement: visibility. Duration: 7
Feb 01, 2026 5:09:08 PM edu.curtin.mars.Main main
FINE: Messaged generated by CommsGenerator
Feb 01, 2026 5:09:08 PM edu.curtin.mars.controller.MarsSciSat parseMsg
INFO: Message recieved from earth: rover-1 measure magnetic-flux 14
Feb 01, 2026 5:09:08 PM edu.curtin.mars.model.Probe addMeasurementTask
FINE: Probe: ROVER-1 added new task: magnetic-flux
Feb 01, 2026 5:09:08 PM edu.curtin.mars.model.Probe makeMeasure
FINE: Probe: ROVER-1 recieved measure command
Feb 01, 2026 5:09:08 PM edu.curtin.mars.controller.MarsSciSat parseMeasureCommand
INFO: Measure command sent to ROVER-1. Measurement: magnetic-flux. Duration: 14
Feb 01, 2026 5:09:08 PM edu.curtin.mars.Main main
FINE: Messaged generated by CommsGenerator
Feb 01, 2026 5:09:08 PM edu.curtin.mars.Main main
INFO: Daily actions sent to satellite. Running simulation for sol
Feb 01, 2026 5:09:08 PM edu.curtin.mars.model.Probe moveTowardsDest
FINE: Probe: ROVER-0 moved towards destination
Feb 01, 2026 5:09:08 PM edu.curtin.mars.model.Probe takeMeasurements
FINE: Probe: ROVER-1 took a measurement of magnetic-flux
Feb 01, 2026 5:09:08 PM edu.curtin.mars.model.Probe decrementMeasurements
FINE: Probe: ROVER-1 decremented its measurement tasks
Feb 01, 2026 5:09:08 PM edu.curtin.mars.model.Probe takeMeasurements
FINE: Probe: ROVER-4 took a measurement of visibility
Feb 01, 2026 5:09:08 PM edu.curtin.mars.model.Probe decrementMeasurements
FINE: Probe: ROVER-4 decremented its measurement tasks
Feb 01, 2026 5:09:08 PM edu.curtin.mars.controller.MarsSciSat run
INFO: Sol number 8 simulated succesfully
Feb 01, 2026 5:09:08 PM edu.curtin.mars.observer.HistoryLogger update
FINE: Created new movement record for: ROVER-0
Feb 01, 2026 5:09:08 PM edu.curtin.mars.observer.HistoryLogger update
FINE: Created new measurement record for: ROVER-1
Feb 01, 2026 5:09:08 PM edu.curtin.mars.observer.HistoryLogger update
FINE: Created new history list for probe: ROVER-4
Feb 01, 2026 5:09:08 PM edu.curtin.mars.observer.HistoryLogger update
FINE: Created new measurement record for: ROVER-4
Feb 01, 2026 5:09:08 PM edu.curtin.mars.controller.MarsSciSat notifyObservers
FINE: Observer: HistoryLogger notified of sol: 8 activities
Feb 01, 2026 5:09:08 PM edu.curtin.mars.observer.StatusLogger update
FINE: Observer printed the status of all probes to file
Feb 01, 2026 5:09:08 PM edu.curtin.mars.controller.MarsSciSat notifyObservers
FINE: Observer: StatusLogger notified of sol: 8 activities
Feb 01, 2026 5:09:09 PM edu.curtin.mars.Main main
FINE: Messaged generated by CommsGenerator
Feb 01, 2026 5:09:09 PM edu.curtin.mars.controller.MarsSciSat parseMsg
INFO: Message recieved from earth: drone-1 history
Feb 01, 2026 5:09:09 PM edu.curtin.mars.observer.HistoryLogger printProbeHistory
INFO: No history avaiable to request for probe: DRONE-1
Feb 01, 2026 5:09:09 PM edu.curtin.mars.controller.MarsSciSat parseMsg
INFO: History command sent to DRONE-1
Feb 01, 2026 5:09:09 PM edu.curtin.mars.Main main
FINE: Messaged generated by CommsGenerator
Feb 01, 2026 5:09:09 PM edu.curtin.mars.Main main
INFO: Daily actions sent to satellite. Running simulation for sol
Feb 01, 2026 5:09:09 PM edu.curtin.mars.model.Probe moveTowardsDest
FINE: Probe: ROVER-0 moved towards destination
Feb 01, 2026 5:09:09 PM edu.curtin.mars.model.Probe takeMeasurements
FINE: Probe: ROVER-1 took a measurement of magnetic-flux
Feb 01, 2026 5:09:09 PM edu.curtin.mars.model.Probe decrementMeasurements
FINE: Probe: ROVER-1 decremented its measurement tasks
Feb 01, 2026 5:09:09 PM edu.curtin.mars.model.Probe takeMeasurements
FINE: Probe: ROVER-4 took a measurement of visibility
Feb 01, 2026 5:09:09 PM edu.curtin.mars.model.Probe decrementMeasurements
FINE: Probe: ROVER-4 decremented its measurement tasks
Feb 01, 2026 5:09:09 PM edu.curtin.mars.controller.MarsSciSat run
INFO: Sol number 9 simulated succesfully
Feb 01, 2026 5:09:09 PM edu.curtin.mars.observer.HistoryLogger update
FINE: Created new movement record for: ROVER-0
Feb 01, 2026 5:09:09 PM edu.curtin.mars.observer.HistoryLogger update
FINE: Created new measurement record for: ROVER-1
Feb 01, 2026 5:09:09 PM edu.curtin.mars.observer.HistoryLogger update
FINE: Created new measurement record for: ROVER-4
Feb 01, 2026 5:09:09 PM edu.curtin.mars.controller.MarsSciSat notifyObservers
FINE: Observer: HistoryLogger notified of sol: 9 activities
Feb 01, 2026 5:09:09 PM edu.curtin.mars.observer.StatusLogger update
FINE: Observer printed the status of all probes to file
Feb 01, 2026 5:09:09 PM edu.curtin.mars.controller.MarsSciSat notifyObservers
FINE: Observer: StatusLogger notified of sol: 9 activities
Feb 01, 2026 5:09:10 PM edu.curtin.mars.Main main
FINE: Messaged generated by CommsGenerator
Feb 01, 2026 5:09:10 PM edu.curtin.mars.controller.MarsSciSat parseMsg
INFO: Message recieved from earth: s~Ox
Feb 01, 2026 5:09:10 PM edu.curtin.mars.controller.MarsSciSat parseMsg
WARNING: Communication msg is to short or long: s~Ox
Feb 01, 2026 5:09:10 PM edu.curtin.mars.Main main
FINE: Messaged generated by CommsGenerator
Feb 01, 2026 5:09:10 PM edu.curtin.mars.Main main
INFO: Daily actions sent to satellite. Running simulation for sol
Feb 01, 2026 5:09:10 PM edu.curtin.mars.model.Probe moveTowardsDest
FINE: Probe: ROVER-0 moved towards destination
Feb 01, 2026 5:09:10 PM edu.curtin.mars.model.Probe takeMeasurements
FINE: Probe: ROVER-1 took a measurement of magnetic-flux
Feb 01, 2026 5:09:10 PM edu.curtin.mars.model.Probe decrementMeasurements
FINE: Probe: ROVER-1 decremented its measurement tasks
Feb 01, 2026 5:09:10 PM edu.curtin.mars.model.Probe takeMeasurements
FINE: Probe: ROVER-4 took a measurement of visibility
Feb 01, 2026 5:09:10 PM edu.curtin.mars.model.Probe decrementMeasurements
FINE: Probe: ROVER-4 decremented its measurement tasks
Feb 01, 2026 5:09:10 PM edu.curtin.mars.controller.MarsSciSat run
INFO: Sol number 10 simulated succesfully
Feb 01, 2026 5:09:10 PM edu.curtin.mars.observer.HistoryLogger update
FINE: Created new movement record for: ROVER-0
Feb 01, 2026 5:09:10 PM edu.curtin.mars.observer.HistoryLogger update
FINE: Created new measurement record for: ROVER-1
Feb 01, 2026 5:09:10 PM edu.curtin.mars.observer.HistoryLogger update
FINE: Created new measurement record for: ROVER-4
Feb 01, 2026 5:09:10 PM edu.curtin.mars.controller.MarsSciSat notifyObservers
FINE: Observer: HistoryLogger notified of sol: 10 activities
Feb 01, 2026 5:09:10 PM edu.curtin.mars.observer.StatusLogger update
FINE: Observer printed the status of all probes to file
Feb 01, 2026 5:09:10 PM edu.curtin.mars.controller.MarsSciSat notifyObservers
FINE: Observer: StatusLogger notified of sol: 10 activities
Feb 01, 2026 5:09:11 PM edu.curtin.mars.Main main
FINE: Messaged generated by CommsGenerator
Feb 01, 2026 5:09:11 PM edu.curtin.mars.controller.MarsSciSat parseMsg
INFO: Message recieved from earth: rover-1 measure temperature 9
Feb 01, 2026 5:09:11 PM edu.curtin.mars.model.Probe addMeasurementTask
FINE: Probe: ROVER-1 added new task: temperature
Feb 01, 2026 5:09:11 PM edu.curtin.mars.model.Probe makeMeasure
FINE: Probe: ROVER-1 recieved measure command
Feb 01, 2026 5:09:11 PM edu.curtin.mars.controller.MarsSciSat parseMeasureCommand
INFO: Measure command sent to ROVER-1. Measurement: temperature. Duration: 9
Feb 01, 2026 5:09:11 PM edu.curtin.mars.Main main
FINE: Messaged generated by CommsGenerator
Feb 01, 2026 5:09:11 PM edu.curtin.mars.Main main
INFO: Daily actions sent to satellite. Running simulation for sol
Feb 01, 2026 5:09:11 PM edu.curtin.mars.model.Probe moveTowardsDest
FINE: Probe: ROVER-0 moved towards destination
Feb 01, 2026 5:09:11 PM edu.curtin.mars.model.Probe takeMeasurements
FINE: Probe: ROVER-1 took a measurement of temperature
Feb 01, 2026 5:09:11 PM edu.curtin.mars.model.Probe takeMeasurements
FINE: Probe: ROVER-1 took a measurement of magnetic-flux
Feb 01, 2026 5:09:11 PM edu.curtin.mars.model.Probe decrementMeasurements
FINE: Probe: ROVER-1 decremented its measurement tasks
Feb 01, 2026 5:09:11 PM edu.curtin.mars.model.Probe takeMeasurements
FINE: Probe: ROVER-4 took a measurement of visibility
Feb 01, 2026 5:09:11 PM edu.curtin.mars.model.Probe decrementMeasurements
FINE: Probe: ROVER-4 decremented its measurement tasks
Feb 01, 2026 5:09:11 PM edu.curtin.mars.controller.MarsSciSat run
INFO: Sol number 11 simulated succesfully
Feb 01, 2026 5:09:11 PM edu.curtin.mars.observer.HistoryLogger update
FINE: Created new movement record for: ROVER-0
Feb 01, 2026 5:09:11 PM edu.curtin.mars.observer.HistoryLogger update
FINE: Created new measurement record for: ROVER-1
Feb 01, 2026 5:09:11 PM edu.curtin.mars.observer.HistoryLogger update
FINE: Created new measurement record for: ROVER-4
Feb 01, 2026 5:09:11 PM edu.curtin.mars.controller.MarsSciSat notifyObservers
FINE: Observer: HistoryLogger notified of sol: 11 activities
Feb 01, 2026 5:09:11 PM edu.curtin.mars.observer.StatusLogger update
FINE: Observer printed the status of all probes to file
Feb 01, 2026 5:09:11 PM edu.curtin.mars.controller.MarsSciSat notifyObservers
FINE: Observer: StatusLogger notified of sol: 11 activities
Feb 01, 2026 5:09:12 PM edu.curtin.mars.Main main
FINE: Messaged generated by CommsGenerator
Feb 01, 2026 5:09:12 PM edu.curtin.mars.controller.MarsSciSat parseMsg
INFO: Message recieved from earth: rover-0 measure magnetic-flux 18
Feb 01, 2026 5:09:12 PM edu.curtin.mars.model.Probe addMeasurementTask
FINE: Probe: ROVER-0 added new task: magnetic-flux
Feb 01, 2026 5:09:12 PM edu.curtin.mars.model.Probe makeMeasure
FINE: Probe: ROVER-0 recieved measure command
Feb 01, 2026 5:09:12 PM edu.curtin.mars.controller.MarsSciSat parseMeasureCommand
INFO: Measure command sent to ROVER-0. Measurement: magnetic-flux. Duration: 18
Feb 01, 2026 5:09:12 PM edu.curtin.mars.Main main
FINE: Messaged generated by CommsGenerator
Feb 01, 2026 5:09:12 PM edu.curtin.mars.Main main
INFO: Daily actions sent to satellite. Running simulation for sol
Feb 01, 2026 5:09:12 PM edu.curtin.mars.model.Probe takeMeasurements
FINE: Probe: ROVER-0 took a measurement of magnetic-flux
Feb 01, 2026 5:09:12 PM edu.curtin.mars.model.Probe decrementMeasurements
FINE: Probe: ROVER-0 decremented its measurement tasks
Feb 01, 2026 5:09:12 PM edu.curtin.mars.model.Probe takeMeasurements
FINE: Probe: ROVER-1 took a measurement of temperature
Feb 01, 2026 5:09:12 PM edu.curtin.mars.model.Probe takeMeasurements
FINE: Probe: ROVER-1 took a measurement of magnetic-flux
Feb 01, 2026 5:09:12 PM edu.curtin.mars.model.Probe decrementMeasurements
FINE: Probe: ROVER-1 decremented its measurement tasks
Feb 01, 2026 5:09:12 PM edu.curtin.mars.model.Probe takeMeasurements
FINE: Probe: ROVER-4 took a measurement of visibility
Feb 01, 2026 5:09:12 PM edu.curtin.mars.model.Probe decrementMeasurements
FINE: Probe: ROVER-4 decremented its measurement tasks
Feb 01, 2026 5:09:12 PM edu.curtin.mars.controller.MarsSciSat run
INFO: Sol number 12 simulated succesfully
Feb 01, 2026 5:09:12 PM edu.curtin.mars.observer.HistoryLogger update
FINE: Created new measurement record for: ROVER-0
Feb 01, 2026 5:09:12 PM edu.curtin.mars.observer.HistoryLogger update
FINE: Created new measurement record for: ROVER-1
Feb 01, 2026 5:09:12 PM edu.curtin.mars.observer.HistoryLogger update
FINE: Created new measurement record for: ROVER-4
Feb 01, 2026 5:09:12 PM edu.curtin.mars.controller.MarsSciSat notifyObservers
FINE: Observer: HistoryLogger notified of sol: 12 activities
Feb 01, 2026 5:09:12 PM edu.curtin.mars.observer.StatusLogger update
FINE: Observer printed the status of all probes to file
Feb 01, 2026 5:09:12 PM edu.curtin.mars.controller.MarsSciSat notifyObservers
FINE: Observer: StatusLogger notified of sol: 12 activities
Feb 01, 2026 5:09:13 PM edu.curtin.mars.Main main
FINE: Messaged generated by CommsGenerator
Feb 01, 2026 5:09:13 PM edu.curtin.mars.controller.MarsSciSat parseMsg
INFO: Message recieved from earth: rover-0 move -8.306240 91.398575
Feb 01, 2026 5:09:13 PM edu.curtin.mars.model.Probe clearMeasurements
FINE: Probe: ROVER-0 cleared its measurement records
Feb 01, 2026 5:09:13 PM edu.curtin.mars.model.Probe clearMeasurements
FINE: Probe: ROVER-0 cleared its measurement records
Feb 01, 2026 5:09:13 PM edu.curtin.mars.model.Probe clearMeasurements
FINE: Probe: ROVER-0 cleared its measurement records
Feb 01, 2026 5:09:13 PM edu.curtin.mars.model.Probe clearMeasurements
FINE: Probe: ROVER-0 cleared its measurement records
Feb 01, 2026 5:09:13 PM edu.curtin.mars.model.Probe clearMeasurements
FINE: Probe: ROVER-0 cleared its measurement records
Feb 01, 2026 5:09:13 PM edu.curtin.mars.model.Probe clearMeasurements
FINE: Probe: ROVER-0 cleared its measurement records
Feb 01, 2026 5:09:13 PM edu.curtin.mars.model.Probe clearMeasurementList
FINE: Probe: ROVER-0 cleared its measurements task and records
Feb 01, 2026 5:09:13 PM edu.curtin.mars.model.Probe makeMove
FINE: Probe: ROVER-0 recieved move command
Feb 01, 2026 5:09:13 PM edu.curtin.mars.controller.MarsSciSat parseMoveCommand
INFO: Move command sent to ROVER-0. Towards: -8.30624, 91.398575
Feb 01, 2026 5:09:13 PM edu.curtin.mars.Main main
FINE: Messaged generated by CommsGenerator
Feb 01, 2026 5:09:13 PM edu.curtin.mars.Main main
INFO: Daily actions sent to satellite. Running simulation for sol
Feb 01, 2026 5:09:13 PM edu.curtin.mars.model.Probe moveTowardsDest
FINE: Probe: ROVER-0 moved towards destination
Feb 01, 2026 5:09:13 PM edu.curtin.mars.model.Probe takeMeasurements
FINE: Probe: ROVER-1 took a measurement of temperature
Feb 01, 2026 5:09:13 PM edu.curtin.mars.model.Probe takeMeasurements
FINE: Probe: ROVER-1 took a measurement of magnetic-flux
Feb 01, 2026 5:09:13 PM edu.curtin.mars.model.Probe decrementMeasurements
FINE: Probe: ROVER-1 decremented its measurement tasks
Feb 01, 2026 5:09:13 PM edu.curtin.mars.model.Probe takeMeasurements
FINE: Probe: ROVER-4 took a measurement of visibility
Feb 01, 2026 5:09:13 PM edu.curtin.mars.model.Probe decrementMeasurements
FINE: Probe: ROVER-4 decremented its measurement tasks
Feb 01, 2026 5:09:13 PM edu.curtin.mars.controller.MarsSciSat run
INFO: Sol number 13 simulated succesfully
Feb 01, 2026 5:09:13 PM edu.curtin.mars.observer.HistoryLogger update
FINE: Created new movement record for: ROVER-0
Feb 01, 2026 5:09:13 PM edu.curtin.mars.observer.HistoryLogger update
FINE: Created new measurement record for: ROVER-1
Feb 01, 2026 5:09:13 PM edu.curtin.mars.observer.HistoryLogger update
FINE: Created new measurement record for: ROVER-4
Feb 01, 2026 5:09:13 PM edu.curtin.mars.controller.MarsSciSat notifyObservers
FINE: Observer: HistoryLogger notified of sol: 13 activities
Feb 01, 2026 5:09:13 PM edu.curtin.mars.observer.StatusLogger update
FINE: Observer printed the status of all probes to file
Feb 01, 2026 5:09:13 PM edu.curtin.mars.controller.MarsSciSat notifyObservers
FINE: Observer: StatusLogger notified of sol: 13 activities
Feb 01, 2026 5:09:14 PM edu.curtin.mars.Main main
FINE: Messaged generated by CommsGenerator
Feb 01, 2026 5:09:14 PM edu.curtin.mars.Main main
INFO: Daily actions sent to satellite. Running simulation for sol
Feb 01, 2026 5:09:14 PM edu.curtin.mars.model.Probe moveTowardsDest
FINE: Probe: ROVER-0 moved towards destination
Feb 01, 2026 5:09:14 PM edu.curtin.mars.model.Probe takeMeasurements
FINE: Probe: ROVER-1 took a measurement of temperature
Feb 01, 2026 5:09:14 PM edu.curtin.mars.model.Probe takeMeasurements
FINE: Probe: ROVER-1 took a measurement of magnetic-flux
Feb 01, 2026 5:09:14 PM edu.curtin.mars.model.Probe decrementMeasurements
FINE: Probe: ROVER-1 decremented its measurement tasks
Feb 01, 2026 5:09:14 PM edu.curtin.mars.model.Probe takeMeasurements
FINE: Probe: ROVER-4 took a measurement of visibility
Feb 01, 2026 5:09:14 PM edu.curtin.mars.model.Probe decrementMeasurements
FINE: Probe: ROVER-4 decremented its measurement tasks
Feb 01, 2026 5:09:14 PM edu.curtin.mars.controller.MarsSciSat run
INFO: Sol number 14 simulated succesfully
Feb 01, 2026 5:09:14 PM edu.curtin.mars.observer.HistoryLogger update
FINE: Created new movement record for: ROVER-0
Feb 01, 2026 5:09:14 PM edu.curtin.mars.observer.HistoryLogger update
FINE: Created new measurement record for: ROVER-1
Feb 01, 2026 5:09:14 PM edu.curtin.mars.observer.HistoryLogger update
FINE: Created new measurement record for: ROVER-4
Feb 01, 2026 5:09:14 PM edu.curtin.mars.controller.MarsSciSat notifyObservers
FINE: Observer: HistoryLogger notified of sol: 14 activities
Feb 01, 2026 5:09:14 PM edu.curtin.mars.observer.StatusLogger update
FINE: Observer printed the status of all probes to file
Feb 01, 2026 5:09:14 PM edu.curtin.mars.controller.MarsSciSat notifyObservers
FINE: Observer: StatusLogger notified of sol: 14 activities
Feb 01, 2026 5:09:15 PM java.lang.Shutdown logRuntimeExit
FINE: Runtime.exit() called with status: 143
java.lang.Throwable: Runtime.exit(143)
	at java.base/java.lang.Shutdown.logRuntimeExit(Shutdown.java:179)
	at java.base/java.lang.Shutdown.exit(Shutdown.java:160)
	at java.base/java.lang.Terminator$1.handle(Terminator.java:51)
	at java.base/jdk.internal.misc.Signal$1.run(Signal.java:218)
	at java.base/java.lang.Thread.run(Thread.java:1583)

